<?xml version="1.0" encoding="UTF-8"?>
<!-- Generated by org.testng.reporters.JUnitReportReporter -->
<testsuite hostname="DESKTOP-FNT04ES" failures="0" tests="1" name="com.Tests.TC_001_DoctorManagement_DoctorTypes" time="16.344" errors="0" timestamp="2021-11-30T13:17:43 BDT" skipped="0">
  <testcase classname="com.Tests.TC_001_DoctorManagement_DoctorTypes" name="DoctorTypes" time="16.344"/>
  <system-out/>
</testsuite> <!-- com.Tests.TC_001_DoctorManagement_DoctorTypes -->
