<?xml version="1.0" encoding="UTF-8"?>
<!-- Generated by org.testng.reporters.JUnitReportReporter -->
<testsuite hostname="DESKTOP-FNT04ES" failures="0" tests="1" name="com.Tests.TC002_GenericManagenent_Diagosis" time="34.478" errors="0" timestamp="2021-11-30T13:17:43 BDT" skipped="0">
  <testcase classname="com.Tests.TC002_GenericManagenent_Diagosis" name="Diagosis" time="34.478"/>
  <system-out/>
</testsuite> <!-- com.Tests.TC002_GenericManagenent_Diagosis -->
