<?xml version="1.0" encoding="UTF-8"?>
<!-- Generated by org.testng.reporters.JUnitReportReporter -->
<testsuite hostname="DESKTOP-FNT04ES" failures="0" tests="1" name="com.Tests.TC006_GenericManagenent_Investigation_PrimaryTypes" time="31.549" errors="0" timestamp="2021-11-30T13:44:39 BDT" skipped="0">
  <testcase classname="com.Tests.TC006_GenericManagenent_Investigation_PrimaryTypes" name="PrimaryTypes" time="31.549"/>
  <system-out/>
</testsuite> <!-- com.Tests.TC006_GenericManagenent_Investigation_PrimaryTypes -->
