<?xml version="1.0" encoding="UTF-8"?>
<!-- Generated by org.testng.reporters.JUnitReportReporter -->
<testsuite hostname="DESKTOP-KHBPI04" failures="0" tests="1" name="com.Tests.TC_002_DoctorManagement_Specializations" time="28.472" errors="0" timestamp="2021-11-15T19:07:04 BDT" skipped="0">
  <testcase classname="com.Tests.TC_002_DoctorManagement_Specializations" name="Specializations" time="28.472"/>
  <system-out/>
</testsuite> <!-- com.Tests.TC_002_DoctorManagement_Specializations -->
