<?xml version="1.0" encoding="UTF-8"?>
<!-- Generated by org.testng.reporters.JUnitReportReporter -->
<testsuite hostname="DESKTOP-FNT04ES" failures="0" tests="1" name="com.Tests.TC007_GenericManagenent_Investigation_Types" time="47.330" errors="0" timestamp="2021-11-29T19:32:40 BDT" skipped="0">
  <testcase classname="com.Tests.TC007_GenericManagenent_Investigation_Types" name="Types" time="47.330"/>
  <system-out/>
</testsuite> <!-- com.Tests.TC007_GenericManagenent_Investigation_Types -->
