<?xml version="1.0" encoding="UTF-8"?>
<!-- Generated by org.testng.reporters.JUnitReportReporter -->
<testsuite hostname="DESKTOP-FNT04ES" failures="0" tests="1" name="com.Tests.TC005_GenericManagenent_Symptom" time="29.013" errors="0" timestamp="2021-11-30T13:17:43 BDT" skipped="0">
  <testcase classname="com.Tests.TC005_GenericManagenent_Symptom" name="Symptom" time="29.013"/>
  <system-out/>
</testsuite> <!-- com.Tests.TC005_GenericManagenent_Symptom -->
