<?xml version="1.0" encoding="UTF-8"?>
<!-- Generated by org.testng.reporters.JUnitReportReporter -->
<testsuite hostname="DESKTOP-KHBPI04" failures="0" tests="1" name="com.Tests.TC001_MedicalCenter_MedicalCenterTypes" time="0.000" errors="0" timestamp="2021-10-19T18:45:34 BDT" skipped="1">
  <testcase classname="com.Tests.TC001_MedicalCenter_MedicalCenterTypes" name="MedicalCentreTypes" time="0.000">
    <skipped/>
  </testcase> <!-- MedicalCentreTypes -->
  <system-out/>
</testsuite> <!-- com.Tests.TC001_MedicalCenter_MedicalCenterTypes -->
