<?xml version="1.0" encoding="UTF-8"?>
<!-- Generated by org.testng.reporters.JUnitReportReporter -->
<testsuite hostname="DESKTOP-FNT04ES" failures="0" tests="1" name="com.Tests.TC001_MedicalCenter_MedicalCenterTypes" time="20.602" errors="0" timestamp="2021-11-30T13:17:43 BDT" skipped="0">
  <testcase classname="com.Tests.TC001_MedicalCenter_MedicalCenterTypes" name="MedicalCentreTypes" time="20.602"/>
  <system-out/>
</testsuite> <!-- com.Tests.TC001_MedicalCenter_MedicalCenterTypes -->
