<?xml version="1.0" encoding="UTF-8"?>
<!-- Generated by org.testng.reporters.JUnitReportReporter -->
<testsuite hostname="DESKTOP-FNT04ES" failures="0" tests="1" name="com.Tests.TC_002_DoctorManagement_Specializations" time="26.489" errors="0" timestamp="2021-11-30T13:17:43 BDT" skipped="0">
  <testcase classname="com.Tests.TC_002_DoctorManagement_Specializations" name="Specializations" time="26.489"/>
  <system-out/>
</testsuite> <!-- com.Tests.TC_002_DoctorManagement_Specializations -->
