<?xml version="1.0" encoding="UTF-8"?>
<!-- Generated by org.testng.reporters.JUnitReportReporter -->
<testsuite hostname="DESKTOP-KHBPI04" failures="0" tests="1" name="com.Tests.TC001_MedicalCenter_MedicalCenterTypes" time="36.655" errors="0" timestamp="2021-11-04T12:22:04 BDT" skipped="0">
  <testcase classname="com.Tests.TC001_MedicalCenter_MedicalCenterTypes" name="MedicalCentreTypes" time="36.655"/>
  <system-out/>
</testsuite> <!-- com.Tests.TC001_MedicalCenter_MedicalCenterTypes -->
